0 info it worked if it ends with ok
1 verbose cli [ '/usr/local/bin/node', '/usr/local/bin/npm', 'run', 'dev' ]
2 info using npm@3.10.8
3 info using node@v6.9.1
4 verbose run-script [ 'predev', 'dev', 'postdev' ]
5 info lifecycle thepiratebay_node_api@1.0.0~predev: thepiratebay_node_api@1.0.0
6 silly lifecycle thepiratebay_node_api@1.0.0~predev: no script for predev, continuing
7 info lifecycle thepiratebay_node_api@1.0.0~dev: thepiratebay_node_api@1.0.0
8 verbose lifecycle thepiratebay_node_api@1.0.0~dev: unsafe-perm in lifecycle true
9 verbose lifecycle thepiratebay_node_api@1.0.0~dev: PATH: /usr/local/lib/node_modules/npm/bin/node-gyp-bin:/Users/alanc/Github/thepiratebay_node_api/node_modules/.bin:/usr/local/bin:/usr/bin:/bin:/usr/sbin:/sbin:/Users/alanc/.local/bin:/Users/alanc/.cabal/bin:/Applications/ghc-7.10.3.app/Contents/bin:/Users/alanc/.self_bin
10 verbose lifecycle thepiratebay_node_api@1.0.0~dev: CWD: /Users/alanc/Github/thepiratebay_node_api
11 silly lifecycle thepiratebay_node_api@1.0.0~dev: Args: [ '-c', 'node index.js' ]
12 silly lifecycle thepiratebay_node_api@1.0.0~dev: Returned: code: 1  signal: null
13 info lifecycle thepiratebay_node_api@1.0.0~dev: Failed to exec dev script
14 verbose stack Error: thepiratebay_node_api@1.0.0 dev: `node index.js`
14 verbose stack Exit status 1
14 verbose stack     at EventEmitter.<anonymous> (/usr/local/lib/node_modules/npm/lib/utils/lifecycle.js:255:16)
14 verbose stack     at emitTwo (events.js:106:13)
14 verbose stack     at EventEmitter.emit (events.js:191:7)
14 verbose stack     at ChildProcess.<anonymous> (/usr/local/lib/node_modules/npm/lib/utils/spawn.js:40:14)
14 verbose stack     at emitTwo (events.js:106:13)
14 verbose stack     at ChildProcess.emit (events.js:191:7)
14 verbose stack     at maybeClose (internal/child_process.js:877:16)
14 verbose stack     at Process.ChildProcess._handle.onexit (internal/child_process.js:226:5)
15 verbose pkgid thepiratebay_node_api@1.0.0
16 verbose cwd /Users/alanc/Github/thepiratebay_node_api
17 error Darwin 15.6.0
18 error argv "/usr/local/bin/node" "/usr/local/bin/npm" "run" "dev"
19 error node v6.9.1
20 error npm  v3.10.8
21 error code ELIFECYCLE
22 error thepiratebay_node_api@1.0.0 dev: `node index.js`
22 error Exit status 1
23 error Failed at the thepiratebay_node_api@1.0.0 dev script 'node index.js'.
23 error Make sure you have the latest version of node.js and npm installed.
23 error If you do, this is most likely a problem with the thepiratebay_node_api package,
23 error not with npm itself.
23 error Tell the author that this fails on your system:
23 error     node index.js
23 error You can get information on how to open an issue for this project with:
23 error     npm bugs thepiratebay_node_api
23 error Or if that isn't available, you can get their info via:
23 error     npm owner ls thepiratebay_node_api
23 error There is likely additional logging output above.
24 verbose exit [ 1, true ]
